c:\users\romar\desktop\универ\программирование\лабораторна робота 14\лабораторна робота 14\debug\vc142.pdb
c:\users\romar\desktop\универ\программирование\лабораторна робота 14\лабораторна робота 14\debug\vc142.idb
c:\users\romar\desktop\универ\программирование\лабораторна робота 14\лабораторна робота 14\debug\source.obj
c:\users\romar\desktop\универ\программирование\лабораторна робота 14\debug\лабораторна робота 14.pdb
c:\users\romar\desktop\универ\программирование\лабораторна робота 14\лабораторна робота 14\debug\лаборато.19b2a73d.tlog\cl.command.1.tlog
c:\users\romar\desktop\универ\программирование\лабораторна робота 14\лабораторна робота 14\debug\лаборато.19b2a73d.tlog\cl.read.1.tlog
c:\users\romar\desktop\универ\программирование\лабораторна робота 14\лабораторна робота 14\debug\лаборато.19b2a73d.tlog\cl.write.1.tlog
c:\users\romar\desktop\универ\программирование\лабораторна робота 14\лабораторна робота 14\debug\лаборато.19b2a73d.tlog\link-cvtres.read.1.tlog
c:\users\romar\desktop\универ\программирование\лабораторна робота 14\лабораторна робота 14\debug\лаборато.19b2a73d.tlog\link-cvtres.write.1.tlog
c:\users\romar\desktop\универ\программирование\лабораторна робота 14\лабораторна робота 14\debug\лаборато.19b2a73d.tlog\link-rc.read.1.tlog
c:\users\romar\desktop\универ\программирование\лабораторна робота 14\лабораторна робота 14\debug\лаборато.19b2a73d.tlog\link-rc.write.1.tlog
c:\users\romar\desktop\универ\программирование\лабораторна робота 14\лабораторна робота 14\debug\лаборато.19b2a73d.tlog\link.13572-cvtres.read.1.tlog
c:\users\romar\desktop\универ\программирование\лабораторна робота 14\лабораторна робота 14\debug\лаборато.19b2a73d.tlog\link.13572-cvtres.write.1.tlog
c:\users\romar\desktop\универ\программирование\лабораторна робота 14\лабораторна робота 14\debug\лаборато.19b2a73d.tlog\link.13572-rc.read.1.tlog
c:\users\romar\desktop\универ\программирование\лабораторна робота 14\лабораторна робота 14\debug\лаборато.19b2a73d.tlog\link.13572-rc.write.1.tlog
c:\users\romar\desktop\универ\программирование\лабораторна робота 14\лабораторна робота 14\debug\лаборато.19b2a73d.tlog\link.13572.read.1.tlog
c:\users\romar\desktop\универ\программирование\лабораторна робота 14\лабораторна робота 14\debug\лаборато.19b2a73d.tlog\link.13572.write.1.tlog
c:\users\romar\desktop\универ\программирование\лабораторна робота 14\лабораторна робота 14\debug\лаборато.19b2a73d.tlog\link.command.1.tlog
c:\users\romar\desktop\универ\программирование\лабораторна робота 14\лабораторна робота 14\debug\лаборато.19b2a73d.tlog\link.read.1.tlog
c:\users\romar\desktop\универ\программирование\лабораторна робота 14\лабораторна робота 14\debug\лаборато.19b2a73d.tlog\link.write.1.tlog
